<?xml version="1.0" encoding="UTF-8"?>
<!-- Generated by org.testng.reporters.JUnitXMLReporter -->
<testsuite hostname="GA69MLP000197" name="LUMINA_BUOY_TEST_AUTOMATION" tests="1" failures="0" timestamp="19 Feb 2020 21:33:32 GMT" time="65.523" errors="0">
  <testcase name="test on [Test: &quot;As a user I want to login to the lyric application&quot; verbose:1[parameters:][metagroups:] [included: ][excluded: ]  classes: packages:] " time="65.473" classname="com.honeywell.testcases.executor.TestCasesExecutor"/>
</testsuite> <!-- LUMINA_BUOY_TEST_AUTOMATION -->
