<?xml version="1.0" encoding="UTF-8"?>
<!-- Generated by org.testng.reporters.JUnitXMLReporter -->
<testsuite hostname="IE3BMLN0001DF" failures="0" tests="1" name="Lumina_WLD_BUILD" time="170.68" errors="0" timestamp="11 Dec 2019 12:13:16 GMT">
  <testcase classname="com.honeywell.testcases.executor.TestCasesExecutor" name="test on [Test: &quot;1 As a user I should be able to add WLD device to existing location by using Lumina application&quot; verbose:1[parameters:][metagroups:] [included: ][excluded: ]  classes: packages:] " time="170.595"/>
</testsuite> <!-- Lumina_WLD_BUILD -->
