<?xml version="1.0" encoding="UTF-8"?>
<!-- Generated by org.testng.reporters.JUnitXMLReporter -->
<testsuite hostname="IE3BMLN0001DF" failures="0" tests="3" name="Lumina_WLD_BUILD_SamsungS9" time="531.046" errors="0" timestamp="18 Dec 2019 19:03:52 GMT">
  <testcase classname="com.honeywell.testcases.executor.TestCasesExecutor" name="test on [Test: &quot;1 As a user I should be able to add WLD device to existing location by using Lumina application&quot; verbose:1[parameters:][metagroups:] [included: ][excluded: ]  classes: packages:] " time="185.708"/>
  <testcase classname="com.honeywell.testcases.executor.TestCasesExecutor" name="test on [Test: &quot;1 As a user I should be able to add WLD device to existing location by using Lumina application&quot; verbose:1[parameters:][metagroups:] [included: ][excluded: ]  classes: packages:] " time="198.465"/>
  <testcase classname="com.honeywell.testcases.executor.TestCasesExecutor" name="test on [Test: &quot;1 As a user I should be able to add WLD device to existing location by using Lumina application&quot; verbose:1[parameters:][metagroups:] [included: ][excluded: ]  classes: packages:] " time="146.781"/>
</testsuite> <!-- Lumina_WLD_BUILD_SamsungS9 -->
